Command line:
   uart_tx_isim_beh.exe
     -simmode  gui
     -simrunnum  0
     -socket  39685

Mon Mar  6 17:05:28 2023


 Elaboration Time: 0.03 sec

 Current Memory Usage: 183.841 Meg

 Total Signals          : 17
 Total Nets             : 26
 Total Signal Drivers   : 7
 Total Blocks           : 2
 Total Primitive Blocks : 2
 Total Processes        : 9
 Total Traceable Variables  : 25
 Total Scalar Nets and Variables : 153
Total Line Count : 42

 Total Simulation Time: 0.03 sec

 Current Memory Usage: 259.342 Meg

Mon Mar  6 17:05:33 2023

