INFO:HDLCompiler:1845 - Analyzing Verilog file
   "/home/lhebendanz/Projects/hwsec/hwsec/xilinx/pprov.v" into library work
INFO:ProjectMgmt - Parsing design hierarchy completed successfully.
WARNING:ProjectMgmt - File
   /home/lhebendanz/Projects/hwsec/hwsec/xilinx/pprov.stx is missing.
WARNING:ProjectMgmt - File
   /home/lhebendanz/Projects/hwsec/hwsec/xilinx/pprov.stx is missing.
INFO:TclTasksC:1850 - process run : Synthesize - XST is done.

Started : "Synthesize - XST".
Running xst...
Command Line: xst -intstyle ise -ifn "/home/lhebendanz/Projects/hwsec/hwsec/xilinx/pprov.xst" -ofn "/home/lhebendanz/Projects/hwsec/hwsec/xilinx/pprov.syr"
Reading design: pprov.prj

=========================================================================
*                          HDL Parsing                                  *
=========================================================================
Analyzing Verilog file "/home/lhebendanz/Projects/hwsec/hwsec/xilinx/pprov.v" into library work
Parsing module <pprov>.
ERROR:HDLCompiler:69 - "/home/lhebendanz/Projects/hwsec/hwsec/xilinx/pprov.v" Line 65: <A> is not declared.
ERROR:HDLCompiler:598 - "/home/lhebendanz/Projects/hwsec/hwsec/xilinx/pprov.v" Line 8: Module <pprov> ignored due to previous errors.
Verilog file /home/lhebendanz/Projects/hwsec/hwsec/xilinx/pprov.v ignored due to errors
--> 


Total memory usage is 512148 kilobytes

Number of errors   :    2 (   0 filtered)
Number of warnings :    0 (   0 filtered)
Number of infos    :    0 (   0 filtered)


Process "Synthesize - XST" failed
WARNING:ProjectMgmt - File
   /home/lhebendanz/Projects/hwsec/hwsec/xilinx/pprov.stx is missing.
INFO:TclTasksC:1850 - process run : Translate is done.

Started : "Synthesize - XST".
Running xst...
Command Line: xst -intstyle ise -ifn "/home/lhebendanz/Projects/hwsec/hwsec/xilinx/pprov.xst" -ofn "/home/lhebendanz/Projects/hwsec/hwsec/xilinx/pprov.syr"
Reading design: pprov.prj

=========================================================================
*                          HDL Parsing                                  *
=========================================================================
Analyzing Verilog file "/home/lhebendanz/Projects/hwsec/hwsec/xilinx/pprov.v" into library work
Parsing module <pprov>.
ERROR:HDLCompiler:69 - "/home/lhebendanz/Projects/hwsec/hwsec/xilinx/pprov.v" Line 65: <A> is not declared.
ERROR:HDLCompiler:598 - "/home/lhebendanz/Projects/hwsec/hwsec/xilinx/pprov.v" Line 8: Module <pprov> ignored due to previous errors.
Verilog file /home/lhebendanz/Projects/hwsec/hwsec/xilinx/pprov.v ignored due to errors
--> 


Total memory usage is 512144 kilobytes

Number of errors   :    2 (   0 filtered)
Number of warnings :    0 (   0 filtered)
Number of infos    :    0 (   0 filtered)


Process "Synthesize - XST" failed
WARNING:ProjectMgmt - File
   /home/lhebendanz/Projects/hwsec/hwsec/xilinx/pprov.stx is missing.
INFO:TclTasksC:1850 - process run : Map is done.

Started : "Synthesize - XST".
Running xst...
Command Line: xst -intstyle ise -ifn "/home/lhebendanz/Projects/hwsec/hwsec/xilinx/pprov.xst" -ofn "/home/lhebendanz/Projects/hwsec/hwsec/xilinx/pprov.syr"
Reading design: pprov.prj

=========================================================================
*                          HDL Parsing                                  *
=========================================================================
Analyzing Verilog file "/home/lhebendanz/Projects/hwsec/hwsec/xilinx/pprov.v" into library work
Parsing module <pprov>.
ERROR:HDLCompiler:69 - "/home/lhebendanz/Projects/hwsec/hwsec/xilinx/pprov.v" Line 65: <A> is not declared.
ERROR:HDLCompiler:598 - "/home/lhebendanz/Projects/hwsec/hwsec/xilinx/pprov.v" Line 8: Module <pprov> ignored due to previous errors.
Verilog file /home/lhebendanz/Projects/hwsec/hwsec/xilinx/pprov.v ignored due to errors
--> 


Total memory usage is 512144 kilobytes

Number of errors   :    2 (   0 filtered)
Number of warnings :    0 (   0 filtered)
Number of infos    :    0 (   0 filtered)


Process "Synthesize - XST" failed
WARNING:ProjectMgmt - File
   /home/lhebendanz/Projects/hwsec/hwsec/xilinx/pprov.stx is missing.
INFO:TclTasksC:1850 - process run : Place & Route is done.

Started : "Synthesize - XST".
Running xst...
Command Line: xst -intstyle ise -ifn "/home/lhebendanz/Projects/hwsec/hwsec/xilinx/pprov.xst" -ofn "/home/lhebendanz/Projects/hwsec/hwsec/xilinx/pprov.syr"
Reading design: pprov.prj

=========================================================================
*                          HDL Parsing                                  *
=========================================================================
Analyzing Verilog file "/home/lhebendanz/Projects/hwsec/hwsec/xilinx/pprov.v" into library work
Parsing module <pprov>.
ERROR:HDLCompiler:69 - "/home/lhebendanz/Projects/hwsec/hwsec/xilinx/pprov.v" Line 65: <A> is not declared.
ERROR:HDLCompiler:598 - "/home/lhebendanz/Projects/hwsec/hwsec/xilinx/pprov.v" Line 8: Module <pprov> ignored due to previous errors.
Verilog file /home/lhebendanz/Projects/hwsec/hwsec/xilinx/pprov.v ignored due to errors
--> 


Total memory usage is 512148 kilobytes

Number of errors   :    2 (   0 filtered)
Number of warnings :    0 (   0 filtered)
Number of infos    :    0 (   0 filtered)


Process "Synthesize - XST" failed
WARNING:ProjectMgmt - File
   /home/lhebendanz/Projects/hwsec/hwsec/xilinx/pprov.stx is missing.
INFO:TclTasksC:1850 - process run : Generate Programming File is done.

Started : "Synthesize - XST".
Running xst...
Command Line: xst -intstyle ise -ifn "/home/lhebendanz/Projects/hwsec/hwsec/xilinx/pprov.xst" -ofn "/home/lhebendanz/Projects/hwsec/hwsec/xilinx/pprov.syr"
Reading design: pprov.prj

=========================================================================
*                          HDL Parsing                                  *
=========================================================================
Analyzing Verilog file "/home/lhebendanz/Projects/hwsec/hwsec/xilinx/pprov.v" into library work
Parsing module <pprov>.
ERROR:HDLCompiler:69 - "/home/lhebendanz/Projects/hwsec/hwsec/xilinx/pprov.v" Line 65: <A> is not declared.
ERROR:HDLCompiler:598 - "/home/lhebendanz/Projects/hwsec/hwsec/xilinx/pprov.v" Line 8: Module <pprov> ignored due to previous errors.
Verilog file /home/lhebendanz/Projects/hwsec/hwsec/xilinx/pprov.v ignored due to errors
--> 


Total memory usage is 512152 kilobytes

Number of errors   :    2 (   0 filtered)
Number of warnings :    0 (   0 filtered)
Number of infos    :    0 (   0 filtered)


Process "Synthesize - XST" failed
