Command line:
   uart_rx_isim_beh.exe
     -simmode  gui
     -simrunnum  1
     -socket  52913

Tue Mar  7 10:59:09 2023


 Elaboration Time: 0.04 sec

 Current Memory Usage: 183.845 Meg

 Total Signals          : 16
 Total Nets             : 25
 Total Signal Drivers   : 7
 Total Blocks           : 2
 Total Primitive Blocks : 2
 Total Processes        : 9
 Total Traceable Variables  : 24
 Total Scalar Nets and Variables : 183
Total Line Count : 34

 Total Simulation Time: 0.07 sec

 Current Memory Usage: 259.346 Meg

Tue Mar  7 10:59:15 2023

