Command line:
   top_isim_beh.exe
     -simmode  gui
     -simrunnum  0
     -socket  44987

Sat Apr 15 20:56:59 2023


 Elaboration Time: 0.02 sec

 Current Memory Usage: 183.828 Meg

 Total Signals          : 44
 Total Nets             : 68
 Total Signal Drivers   : 29
 Total Blocks           : 6
 Total Primitive Blocks : 5
 Total Processes        : 36
 Total Traceable Variables  : 68
 Total Scalar Nets and Variables : 741
Total Line Count : 387

 Total Simulation Time: 0.06 sec

 Current Memory Usage: 259.33 Meg

Sat Apr 15 20:57:06 2023

