Release 14.7 - xst P.20131013 (lin64)
Copyright (c) 1995-2013 Xilinx, Inc.  All rights reserved.
--> 
Parameter TMPDIR set to xst/projnav.tmp


Total REAL time to Xst completion: 0.00 secs
Total CPU time to Xst completion: 0.03 secs
 
--> 
Parameter xsthdpdir set to xst


Total REAL time to Xst completion: 0.00 secs
Total CPU time to Xst completion: 0.03 secs
 
--> 
Reading design: top.prj

TABLE OF CONTENTS
  1) Synthesis Options Summary
  2) HDL Parsing
  3) HDL Elaboration
  4) HDL Synthesis
       4.1) HDL Synthesis Report
  5) Advanced HDL Synthesis
       5.1) Advanced HDL Synthesis Report
  6) Low Level Synthesis
  7) Partition Report
  8) Design Summary
       8.1) Primitive and Black Box Usage
       8.2) Device utilization summary
       8.3) Partition Resource Summary
       8.4) Timing Report
            8.4.1) Clock Information
            8.4.2) Asynchronous Control Signals Information
            8.4.3) Timing Summary
            8.4.4) Timing Details
            8.4.5) Cross Clock Domains Report


=========================================================================
*                      Synthesis Options Summary                        *
=========================================================================
---- Source Parameters
Input File Name                    : "top.prj"
Ignore Synthesis Constraint File   : NO

---- Target Parameters
Output File Name                   : "top"
Output Format                      : NGC
Target Device                      : xc6slx9-2-tqg144

---- Source Options
Top Module Name                    : top
Automatic FSM Extraction           : YES
FSM Encoding Algorithm             : Auto
Safe Implementation                : No
FSM Style                          : LUT
RAM Extraction                     : Yes
RAM Style                          : Auto
ROM Extraction                     : Yes
Shift Register Extraction          : YES
ROM Style                          : Auto
Resource Sharing                   : YES
Asynchronous To Synchronous        : NO
Shift Register Minimum Size        : 2
Use DSP Block                      : Auto
Automatic Register Balancing       : No

---- Target Options
LUT Combining                      : Auto
Reduce Control Sets                : Auto
Add IO Buffers                     : YES
Global Maximum Fanout              : 100000
Add Generic Clock Buffer(BUFG)     : 16
Register Duplication               : YES
Optimize Instantiated Primitives   : NO
Use Clock Enable                   : Auto
Use Synchronous Set                : Auto
Use Synchronous Reset              : Auto
Pack IO Registers into IOBs        : Auto
Equivalent register Removal        : YES

---- General Options
Optimization Goal                  : Speed
Optimization Effort                : 1
Power Reduction                    : NO
Keep Hierarchy                     : No
Netlist Hierarchy                  : As_Optimized
RTL Output                         : Yes
Global Optimization                : AllClockNets
Read Cores                         : YES
Write Timing Constraints           : NO
Cross Clock Analysis               : NO
Hierarchy Separator                : /
Bus Delimiter                      : <>
Case Specifier                     : Maintain
Slice Utilization Ratio            : 100
BRAM Utilization Ratio             : 100
DSP48 Utilization Ratio            : 100
Auto BRAM Packing                  : NO
Slice Utilization Ratio Delta      : 5

=========================================================================


=========================================================================
*                          HDL Parsing                                  *
=========================================================================
Analyzing Verilog file "/home/lhebendanz/Projects/hwsec2/hwsec/uart_tx_sol.v" into library work
Parsing verilog file "uart_defs.v" included at line 1.
Parsing module <uart_tx_sol>.
Analyzing Verilog file "/home/lhebendanz/Projects/hwsec2/hwsec/uart_rx_sol.v" into library work
Parsing verilog file "uart_defs.v" included at line 1.
Parsing module <uart_rx_sol>.
Analyzing Verilog file "/home/lhebendanz/Projects/hwsec2/hwsec/top.v" into library work
Parsing verilog file "uart_defs.v" included at line 2.
Parsing module <top>.

=========================================================================
*                            HDL Elaboration                            *
=========================================================================

Elaborating module <top>.

Elaborating module <uart_rx_sol>.
WARNING:HDLCompiler:413 - "/home/lhebendanz/Projects/hwsec2/hwsec/uart_rx_sol.v" Line 29: Result of 16-bit expression is truncated to fit in 15-bit target.
WARNING:HDLCompiler:413 - "/home/lhebendanz/Projects/hwsec2/hwsec/uart_rx_sol.v" Line 59: Result of 4-bit expression is truncated to fit in 3-bit target.
"/home/lhebendanz/Projects/hwsec2/hwsec/uart_rx_sol.v" Line 76. $display UART RX: Invalid state 0x0

Elaborating module <uart_tx_sol>.
WARNING:HDLCompiler:413 - "/home/lhebendanz/Projects/hwsec2/hwsec/uart_tx_sol.v" Line 31: Result of 16-bit expression is truncated to fit in 15-bit target.
WARNING:HDLCompiler:413 - "/home/lhebendanz/Projects/hwsec2/hwsec/uart_tx_sol.v" Line 60: Result of 4-bit expression is truncated to fit in 3-bit target.
"/home/lhebendanz/Projects/hwsec2/hwsec/uart_tx_sol.v" Line 89. $display UART TX: Invalid state 0x0
WARNING:HDLCompiler:413 - "/home/lhebendanz/Projects/hwsec2/hwsec/top.v" Line 130: Result of 9-bit expression is truncated to fit in 8-bit target.
WARNING:HDLCompiler:413 - "/home/lhebendanz/Projects/hwsec2/hwsec/top.v" Line 148: Result of 9-bit expression is truncated to fit in 8-bit target.
WARNING:HDLCompiler:413 - "/home/lhebendanz/Projects/hwsec2/hwsec/top.v" Line 169: Result of 9-bit expression is truncated to fit in 8-bit target.
WARNING:HDLCompiler:413 - "/home/lhebendanz/Projects/hwsec2/hwsec/top.v" Line 195: Result of 9-bit expression is truncated to fit in 8-bit target.
WARNING:HDLCompiler:413 - "/home/lhebendanz/Projects/hwsec2/hwsec/top.v" Line 208: Result of 32-bit expression is truncated to fit in 8-bit target.
WARNING:HDLCompiler:634 - "/home/lhebendanz/Projects/hwsec2/hwsec/top.v" Line 28: Net <rst> does not have a driver.

=========================================================================
*                           HDL Synthesis                               *
=========================================================================

Synthesizing Unit <top>.
    Related source file is "/home/lhebendanz/Projects/hwsec2/hwsec/top.v".
WARNING:Xst:2935 - Signal 'rst', unconnected in block 'top', is tied to its initial value (0).
    Found 16x8-bit dual-port RAM <Mram_gold_buf> for signal <gold_buf>.
    Found 4x8-bit dual-port RAM <Mram_fpga_buf> for signal <fpga_buf>.
    Found 1-bit register for signal <A4>.
    Found 1-bit register for signal <gold_en>.
    Found 1-bit register for signal <LED1>.
    Found 8-bit register for signal <gold_cnt_get>.
    Found 8-bit register for signal <gold_cnt_set>.
    Found 3-bit register for signal <state>.
    Found 8-bit register for signal <data_tx>.
    Found 8-bit register for signal <gold_data_tx>.
    Found 8-bit register for signal <fpga_cnt>.
    Found 1-bit register for signal <wait_flag>.
    Found 32-bit register for signal <clk_cnt>.
    Found 1-bit register for signal <en>.
    Found finite state machine <FSM_0> for signal <state>.
    -----------------------------------------------------------------------
    | States             | 5                                              |
    | Transitions        | 20                                             |
    | Inputs             | 11                                             |
    | Outputs            | 4                                              |
    | Clock              | CLK (rising_edge)                              |
    | Power Up State     | 111                                            |
    | Encoding           | auto                                           |
    | Implementation     | LUT                                            |
    -----------------------------------------------------------------------
    Found 9-bit subtractor for signal <n0121> created at line 207.
    Found 8-bit adder for signal <gold_cnt_set[7]_GND_1_o_add_2_OUT> created at line 130.
    Found 8-bit adder for signal <gold_cnt_get[7]_GND_1_o_add_9_OUT> created at line 148.
    Found 32-bit adder for signal <clk_cnt[31]_GND_1_o_add_22_OUT> created at line 181.
    Found 8-bit adder for signal <fpga_cnt[7]_GND_1_o_add_26_OUT> created at line 195.
    Found 8-bit comparator greater for signal <n0003> created at line 133
    Found 8-bit comparator greater for signal <n0015> created at line 154
    Found 32-bit comparator lessequal for signal <n0026> created at line 182
    Found 8-bit comparator greater for signal <GND_1_o_fpga_cnt[7]_LessThan_28_o> created at line 197
    Found 8-bit comparator greater for signal <GND_1_o_fpga_cnt[7]_LessThan_32_o> created at line 205
    Summary:
	inferred   2 RAM(s).
	inferred   5 Adder/Subtractor(s).
	inferred  77 D-type flip-flop(s).
	inferred   5 Comparator(s).
	inferred  27 Multiplexer(s).
	inferred   1 Finite State Machine(s).
Unit <top> synthesized.

Synthesizing Unit <uart_rx_sol>.
    Related source file is "/home/lhebendanz/Projects/hwsec2/hwsec/uart_rx_sol.v".
    Found 1-bit register for signal <valid>.
    Found 15-bit register for signal <etu_cnt>.
    Found 3-bit register for signal <bit_cnt>.
    Found 8-bit register for signal <data_out>.
    Found 2-bit register for signal <state>.
    Found finite state machine <FSM_1> for signal <state>.
    -----------------------------------------------------------------------
    | States             | 3                                              |
    | Transitions        | 8                                              |
    | Inputs             | 4                                              |
    | Outputs            | 2                                              |
    | Clock              | clk (rising_edge)                              |
    | Reset              | rst (positive)                                 |
    | Reset type         | synchronous                                    |
    | Reset State        | 00                                             |
    | Power Up State     | 00                                             |
    | Encoding           | auto                                           |
    | Implementation     | LUT                                            |
    -----------------------------------------------------------------------
    Found 15-bit adder for signal <etu_cnt[14]_GND_2_o_add_3_OUT> created at line 29.
    Found 3-bit adder for signal <bit_cnt[2]_GND_2_o_add_13_OUT> created at line 59.
    Found 15-bit 4-to-1 multiplexer for signal <state[1]_etu_cnt[14]_wide_mux_22_OUT> created at line 34.
    Summary:
	inferred   2 Adder/Subtractor(s).
	inferred  27 D-type flip-flop(s).
	inferred   6 Multiplexer(s).
	inferred   1 Finite State Machine(s).
Unit <uart_rx_sol> synthesized.

Synthesizing Unit <uart_tx_sol>.
    Related source file is "/home/lhebendanz/Projects/hwsec2/hwsec/uart_tx_sol.v".
    Found 1-bit register for signal <dout>.
    Found 1-bit register for signal <rdy>.
    Found 15-bit register for signal <etu_cnt>.
    Found 8-bit register for signal <data>.
    Found 3-bit register for signal <bit_cnt>.
    Found 2-bit register for signal <state>.
    Found finite state machine <FSM_2> for signal <state>.
    -----------------------------------------------------------------------
    | States             | 4                                              |
    | Transitions        | 9                                              |
    | Inputs             | 3                                              |
    | Outputs            | 3                                              |
    | Clock              | clk (rising_edge)                              |
    | Reset              | rst (positive)                                 |
    | Reset type         | synchronous                                    |
    | Reset State        | 00                                             |
    | Power Up State     | 00                                             |
    | Encoding           | auto                                           |
    | Implementation     | LUT                                            |
    -----------------------------------------------------------------------
    Found 15-bit adder for signal <etu_cnt[14]_GND_3_o_add_2_OUT> created at line 31.
    Found 3-bit adder for signal <bit_cnt[2]_GND_3_o_add_8_OUT> created at line 60.
    Found 15-bit 4-to-1 multiplexer for signal <state[1]_etu_cnt[14]_wide_mux_20_OUT> created at line 38.
    Summary:
	inferred   2 Adder/Subtractor(s).
	inferred  28 D-type flip-flop(s).
	inferred   7 Multiplexer(s).
	inferred   1 Finite State Machine(s).
Unit <uart_tx_sol> synthesized.

=========================================================================
HDL Synthesis Report

Macro Statistics
# RAMs                                                 : 2
 16x8-bit dual-port RAM                                : 1
 4x8-bit dual-port RAM                                 : 1
# Adders/Subtractors                                   : 13
 15-bit adder                                          : 4
 3-bit adder                                           : 4
 32-bit adder                                          : 1
 8-bit adder                                           : 3
 9-bit subtractor                                      : 1
# Registers                                            : 29
 1-bit register                                        : 11
 15-bit register                                       : 4
 3-bit register                                        : 4
 32-bit register                                       : 1
 8-bit register                                        : 9
# Comparators                                          : 5
 32-bit comparator lessequal                           : 1
 8-bit comparator greater                              : 4
# Multiplexers                                         : 53
 1-bit 2-to-1 multiplexer                              : 22
 15-bit 2-to-1 multiplexer                             : 10
 15-bit 4-to-1 multiplexer                             : 4
 3-bit 2-to-1 multiplexer                              : 4
 8-bit 2-to-1 multiplexer                              : 13
# FSMs                                                 : 5

=========================================================================

=========================================================================
*                       Advanced HDL Synthesis                          *
=========================================================================


Synthesizing (advanced) Unit <top>.
The following registers are absorbed into counter <gold_cnt_set>: 1 register on signal <gold_cnt_set>.
The following registers are absorbed into counter <clk_cnt>: 1 register on signal <clk_cnt>.
INFO:Xst:3231 - The small RAM <Mram_gold_buf> will be implemented on LUTs in order to maximize performance and save block RAM resources. If you want to force its implementation on block, use option/constraint ram_style.
    -----------------------------------------------------------------------
    | ram_type           | Distributed                         |          |
    -----------------------------------------------------------------------
    | Port A                                                              |
    |     aspect ratio   | 16-word x 8-bit                     |          |
    |     clkA           | connected to signal <CLK>           | rise     |
    |     weA            | connected to internal node          | high     |
    |     addrA          | connected to signal <gold_cnt_set<3:0>> |          |
    |     diA            | connected to signal <data_rx>       |          |
    -----------------------------------------------------------------------
    | Port B                                                              |
    |     aspect ratio   | 16-word x 8-bit                     |          |
    |     addrB          | connected to signal <gold_cnt_get<3:0>> |          |
    |     doB            | connected to internal node          |          |
    -----------------------------------------------------------------------
INFO:Xst:3231 - The small RAM <Mram_fpga_buf> will be implemented on LUTs in order to maximize performance and save block RAM resources. If you want to force its implementation on block, use option/constraint ram_style.
    -----------------------------------------------------------------------
    | ram_type           | Distributed                         |          |
    -----------------------------------------------------------------------
    | Port A                                                              |
    |     aspect ratio   | 4-word x 8-bit                      |          |
    |     clkA           | connected to signal <CLK>           | rise     |
    |     weA            | connected to internal node          | high     |
    |     addrA          | connected to signal <fpga_cnt<1:0>> |          |
    |     diA            | connected to signal <gold_data_rx>  |          |
    -----------------------------------------------------------------------
    | Port B                                                              |
    |     aspect ratio   | 4-word x 8-bit                      |          |
    |     addrB          | connected to signal <n0121<1:0>>    |          |
    |     doB            | connected to internal node          |          |
    -----------------------------------------------------------------------
Unit <top> synthesized (advanced).

Synthesizing (advanced) Unit <uart_rx_sol>.
The following registers are absorbed into counter <bit_cnt>: 1 register on signal <bit_cnt>.
Unit <uart_rx_sol> synthesized (advanced).

Synthesizing (advanced) Unit <uart_tx_sol>.
The following registers are absorbed into counter <bit_cnt>: 1 register on signal <bit_cnt>.
Unit <uart_tx_sol> synthesized (advanced).

=========================================================================
Advanced HDL Synthesis Report

Macro Statistics
# RAMs                                                 : 2
 16x8-bit dual-port distributed RAM                    : 1
 4x8-bit dual-port distributed RAM                     : 1
# Adders/Subtractors                                   : 7
 15-bit adder                                          : 4
 8-bit adder                                           : 2
 8-bit subtractor                                      : 1
# Counters                                             : 6
 3-bit up counter                                      : 4
 32-bit up counter                                     : 1
 8-bit up counter                                      : 1
# Registers                                            : 135
 Flip-Flops                                            : 135
# Comparators                                          : 5
 32-bit comparator lessequal                           : 1
 8-bit comparator greater                              : 4
# Multiplexers                                         : 62
 1-bit 2-to-1 multiplexer                              : 38
 15-bit 2-to-1 multiplexer                             : 10
 15-bit 4-to-1 multiplexer                             : 4
 8-bit 2-to-1 multiplexer                              : 10
# FSMs                                                 : 5

=========================================================================

=========================================================================
*                         Low Level Synthesis                           *
=========================================================================
Analyzing FSM <MFsm> for best encoding.
Optimizing FSM <FSM_0> on signal <state[1:3]> with gray encoding.
-------------------
 State | Encoding
-------------------
 111   | 000
 010   | 001
 000   | 011
 100   | 010
 001   | 110
-------------------
Analyzing FSM <MFsm> for best encoding.
Optimizing FSM <gold_recv/FSM_1> on signal <state[1:2]> with user encoding.
Optimizing FSM <rxi/FSM_1> on signal <state[1:2]> with user encoding.
-------------------
 State | Encoding
-------------------
 00    | 00
 01    | 01
 10    | 10
-------------------
Analyzing FSM <MFsm> for best encoding.
Optimizing FSM <gold_tx/FSM_2> on signal <state[1:2]> with gray encoding.
Optimizing FSM <txi/FSM_2> on signal <state[1:2]> with gray encoding.
-------------------
 State | Encoding
-------------------
 00    | 00
 01    | 01
 10    | 11
 11    | 10
-------------------

Optimizing unit <top> ...

Optimizing unit <uart_rx_sol> ...

Optimizing unit <uart_tx_sol> ...
WARNING:Xst:1293 - FF/Latch <clk_cnt_31> has a constant value of 0 in block <top>. This FF/Latch will be trimmed during the optimization process.
WARNING:Xst:1896 - Due to other FF/Latch trimming, FF/Latch <clk_cnt_30> has a constant value of 0 in block <top>. This FF/Latch will be trimmed during the optimization process.
WARNING:Xst:1896 - Due to other FF/Latch trimming, FF/Latch <clk_cnt_29> has a constant value of 0 in block <top>. This FF/Latch will be trimmed during the optimization process.
WARNING:Xst:1896 - Due to other FF/Latch trimming, FF/Latch <clk_cnt_28> has a constant value of 0 in block <top>. This FF/Latch will be trimmed during the optimization process.
WARNING:Xst:1896 - Due to other FF/Latch trimming, FF/Latch <clk_cnt_27> has a constant value of 0 in block <top>. This FF/Latch will be trimmed during the optimization process.
WARNING:Xst:1896 - Due to other FF/Latch trimming, FF/Latch <clk_cnt_26> has a constant value of 0 in block <top>. This FF/Latch will be trimmed during the optimization process.
WARNING:Xst:1896 - Due to other FF/Latch trimming, FF/Latch <clk_cnt_25> has a constant value of 0 in block <top>. This FF/Latch will be trimmed during the optimization process.
WARNING:Xst:1896 - Due to other FF/Latch trimming, FF/Latch <clk_cnt_24> has a constant value of 0 in block <top>. This FF/Latch will be trimmed during the optimization process.
WARNING:Xst:1896 - Due to other FF/Latch trimming, FF/Latch <clk_cnt_23> has a constant value of 0 in block <top>. This FF/Latch will be trimmed during the optimization process.
WARNING:Xst:1896 - Due to other FF/Latch trimming, FF/Latch <clk_cnt_22> has a constant value of 0 in block <top>. This FF/Latch will be trimmed during the optimization process.
WARNING:Xst:1896 - Due to other FF/Latch trimming, FF/Latch <clk_cnt_21> has a constant value of 0 in block <top>. This FF/Latch will be trimmed during the optimization process.
WARNING:Xst:1896 - Due to other FF/Latch trimming, FF/Latch <clk_cnt_20> has a constant value of 0 in block <top>. This FF/Latch will be trimmed during the optimization process.
WARNING:Xst:1896 - Due to other FF/Latch trimming, FF/Latch <clk_cnt_19> has a constant value of 0 in block <top>. This FF/Latch will be trimmed during the optimization process.
WARNING:Xst:1896 - Due to other FF/Latch trimming, FF/Latch <clk_cnt_18> has a constant value of 0 in block <top>. This FF/Latch will be trimmed during the optimization process.
WARNING:Xst:1896 - Due to other FF/Latch trimming, FF/Latch <clk_cnt_17> has a constant value of 0 in block <top>. This FF/Latch will be trimmed during the optimization process.
WARNING:Xst:1896 - Due to other FF/Latch trimming, FF/Latch <clk_cnt_16> has a constant value of 0 in block <top>. This FF/Latch will be trimmed during the optimization process.
WARNING:Xst:1896 - Due to other FF/Latch trimming, FF/Latch <clk_cnt_15> has a constant value of 0 in block <top>. This FF/Latch will be trimmed during the optimization process.
WARNING:Xst:1896 - Due to other FF/Latch trimming, FF/Latch <clk_cnt_14> has a constant value of 0 in block <top>. This FF/Latch will be trimmed during the optimization process.
WARNING:Xst:1896 - Due to other FF/Latch trimming, FF/Latch <clk_cnt_13> has a constant value of 0 in block <top>. This FF/Latch will be trimmed during the optimization process.
WARNING:Xst:1896 - Due to other FF/Latch trimming, FF/Latch <clk_cnt_12> has a constant value of 0 in block <top>. This FF/Latch will be trimmed during the optimization process.
WARNING:Xst:1896 - Due to other FF/Latch trimming, FF/Latch <clk_cnt_11> has a constant value of 0 in block <top>. This FF/Latch will be trimmed during the optimization process.
WARNING:Xst:1896 - Due to other FF/Latch trimming, FF/Latch <clk_cnt_10> has a constant value of 0 in block <top>. This FF/Latch will be trimmed during the optimization process.
WARNING:Xst:1896 - Due to other FF/Latch trimming, FF/Latch <clk_cnt_9> has a constant value of 0 in block <top>. This FF/Latch will be trimmed during the optimization process.
WARNING:Xst:1896 - Due to other FF/Latch trimming, FF/Latch <gold_cnt_set_7> has a constant value of 0 in block <top>. This FF/Latch will be trimmed during the optimization process.
WARNING:Xst:1896 - Due to other FF/Latch trimming, FF/Latch <gold_cnt_set_6> has a constant value of 0 in block <top>. This FF/Latch will be trimmed during the optimization process.
WARNING:Xst:1896 - Due to other FF/Latch trimming, FF/Latch <gold_cnt_set_5> has a constant value of 0 in block <top>. This FF/Latch will be trimmed during the optimization process.
WARNING:Xst:1896 - Due to other FF/Latch trimming, FF/Latch <gold_cnt_get_7> has a constant value of 0 in block <top>. This FF/Latch will be trimmed during the optimization process.
WARNING:Xst:1896 - Due to other FF/Latch trimming, FF/Latch <gold_cnt_get_6> has a constant value of 0 in block <top>. This FF/Latch will be trimmed during the optimization process.
WARNING:Xst:1896 - Due to other FF/Latch trimming, FF/Latch <gold_cnt_get_5> has a constant value of 0 in block <top>. This FF/Latch will be trimmed during the optimization process.

Mapping all equations...
Building and optimizing final netlist ...
Found area constraint ratio of 100 (+ 5) on block top, actual ratio is 6.

Final Macro Processing ...

=========================================================================
Final Register Report

Macro Statistics
# Registers                                            : 169
 Flip-Flops                                            : 169

=========================================================================

=========================================================================
*                           Partition Report                            *
=========================================================================

Partition Implementation Status
-------------------------------

  No Partitions were found in this design.

-------------------------------

=========================================================================
*                            Design Summary                             *
=========================================================================

Top Level Output File Name         : top.ngc

Primitive and Black Box Usage:
------------------------------
# BELS                             : 496
#      GND                         : 1
#      INV                         : 13
#      LUT1                        : 64
#      LUT2                        : 9
#      LUT3                        : 17
#      LUT4                        : 21
#      LUT5                        : 70
#      LUT6                        : 141
#      MUXCY                       : 77
#      MUXF7                       : 8
#      VCC                         : 1
#      XORCY                       : 74
# FlipFlops/Latches                : 169
#      FD                          : 16
#      FDE                         : 139
#      FDR                         : 9
#      FDS                         : 3
#      FDSE                        : 2
# RAMS                             : 6
#      RAM16X1D                    : 4
#      RAM32M                      : 2
# Clock Buffers                    : 1
#      BUFGP                       : 1
# IO Buffers                       : 6
#      IBUF                        : 2
#      OBUF                        : 4

Device utilization summary:
---------------------------

Selected Device : 6slx9tqg144-2 


Slice Logic Utilization: 
 Number of Slice Registers:             169  out of  11440     1%  
 Number of Slice LUTs:                  351  out of   5720     6%  
    Number used as Logic:               335  out of   5720     5%  
    Number used as Memory:               16  out of   1440     1%  
       Number used as RAM:               16

Slice Logic Distribution: 
 Number of LUT Flip Flop pairs used:    356
   Number with an unused Flip Flop:     187  out of    356    52%  
   Number with an unused LUT:             5  out of    356     1%  
   Number of fully used LUT-FF pairs:   164  out of    356    46%  
   Number of unique control sets:        17

IO Utilization: 
 Number of IOs:                           7
 Number of bonded IOBs:                   7  out of    102     6%  

Specific Feature Utilization:
 Number of BUFG/BUFGCTRLs:                1  out of     16     6%  

---------------------------
Partition Resource Summary:
---------------------------

  No Partitions were found in this design.

---------------------------


=========================================================================
Timing Report

NOTE: THESE TIMING NUMBERS ARE ONLY A SYNTHESIS ESTIMATE.
      FOR ACCURATE TIMING INFORMATION PLEASE REFER TO THE TRACE REPORT
      GENERATED AFTER PLACE-and-ROUTE.

Clock Information:
------------------
-----------------------------------+------------------------+-------+
Clock Signal                       | Clock buffer(FF name)  | Load  |
-----------------------------------+------------------------+-------+
CLK                                | BUFGP                  | 175   |
-----------------------------------+------------------------+-------+

Asynchronous Control Signals Information:
----------------------------------------
No asynchronous control signals found in this design

Timing Summary:
---------------
Speed Grade: -2

   Minimum period: 5.745ns (Maximum Frequency: 174.064MHz)
   Minimum input arrival time before clock: 4.663ns
   Maximum output required time after clock: 4.162ns
   Maximum combinational path delay: No path found

Timing Details:
---------------
All values displayed in nanoseconds (ns)

=========================================================================
Timing constraint: Default period analysis for Clock 'CLK'
  Clock period: 5.745ns (frequency: 174.064MHz)
  Total number of paths / destination ports: 5346 / 304
-------------------------------------------------------------------------
Delay:               5.745ns (Levels of Logic = 3)
  Source:            rxi/data_out_2 (FF)
  Destination:       data_tx_0 (FF)
  Source Clock:      CLK rising
  Destination Clock: CLK rising

  Data Path: rxi/data_out_2 to data_tx_0
                                Gate     Net
    Cell:in->out      fanout   Delay   Delay  Logical Name (Net Name)
    ----------------------------------------  ------------
     FDE:C->Q             11   0.525   1.315  rxi/data_out_2 (rxi/data_out_2)
     LUT4:I0->O            1   0.254   0.790  out1_SW4 (N84)
     LUT6:I4->O           10   0.250   1.116  out1 (n0052)
     LUT6:I4->O            8   0.250   0.943  _n0301_inv1 (_n0301_inv)
     FDE:CE                    0.302          data_tx_0
    ----------------------------------------
    Total                      5.745ns (1.581ns logic, 4.164ns route)
                                       (27.5% logic, 72.5% route)

=========================================================================
Timing constraint: Default OFFSET IN BEFORE for Clock 'CLK'
  Total number of paths / destination ports: 56 / 56
-------------------------------------------------------------------------
Offset:              4.663ns (Levels of Logic = 4)
  Source:            RX (PAD)
  Destination:       rxi/bit_cnt_2 (FF)
  Destination Clock: CLK rising

  Data Path: RX to rxi/bit_cnt_2
                                Gate     Net
    Cell:in->out      fanout   Delay   Delay  Logical Name (Net Name)
    ----------------------------------------  ------------
     IBUF:I->O            28   1.328   1.908  RX_IBUF (RX_IBUF)
     LUT6:I0->O            1   0.254   0.000  rxi/_n0106_inv1_rstpot_F (N100)
     MUXF7:I0->O           1   0.163   0.682  rxi/_n0106_inv1_rstpot (rxi/_n0106_inv1_rstpot)
     LUT5:I4->O            1   0.254   0.000  rxi/bit_cnt_2_dpot (rxi/bit_cnt_2_dpot)
     FDE:D                     0.074          rxi/bit_cnt_2
    ----------------------------------------
    Total                      4.663ns (2.073ns logic, 2.590ns route)
                                       (44.5% logic, 55.5% route)

=========================================================================
Timing constraint: Default OFFSET OUT AFTER for Clock 'CLK'
  Total number of paths / destination ports: 4 / 4
-------------------------------------------------------------------------
Offset:              4.162ns (Levels of Logic = 1)
  Source:            txi/dout (FF)
  Destination:       TX (PAD)
  Source Clock:      CLK rising

  Data Path: txi/dout to TX
                                Gate     Net
    Cell:in->out      fanout   Delay   Delay  Logical Name (Net Name)
    ----------------------------------------  ------------
     FDS:C->Q              2   0.525   0.725  txi/dout (txi/dout)
     OBUF:I->O                 2.912          TX_OBUF (TX)
    ----------------------------------------
    Total                      4.162ns (3.437ns logic, 0.725ns route)
                                       (82.6% logic, 17.4% route)

=========================================================================

Cross Clock Domains Report:
--------------------------

Clock to Setup on destination clock CLK
---------------+---------+---------+---------+---------+
               | Src:Rise| Src:Fall| Src:Rise| Src:Fall|
Source Clock   |Dest:Rise|Dest:Rise|Dest:Fall|Dest:Fall|
---------------+---------+---------+---------+---------+
CLK            |    5.745|         |         |         |
---------------+---------+---------+---------+---------+

=========================================================================


Total REAL time to Xst completion: 6.00 secs
Total CPU time to Xst completion: 5.56 secs
 
--> 


Total memory usage is 589904 kilobytes

Number of errors   :    0 (   0 filtered)
Number of warnings :   40 (   0 filtered)
Number of infos    :    2 (   0 filtered)

