Running: /opt/Xilinx/14.7/ISE_DS/ISE/bin/lin64/unwrapped/fuse -relaunch -intstyle "ise" -incremental -lib "unisims_ver" -lib "unimacro_ver" -lib "xilinxcorelib_ver" -lib "secureip" -o "/home/morty/ex1/uart_tx_test_isim_beh.exe" -prj "/home/morty/ex1/uart_tx_test_beh.prj" "work.uart_tx_test" "work.glbl" 
ISim P.20131013 (signature 0xfbc00daa)
Number of CPUs detected in this system: 4
Turning on mult-threading, number of parallel sub-compilation jobs: 8 
Determining compilation order of HDL files
Analyzing Verilog file "/home/morty/ex1/uart_tx.v" into library work
Analyzing Verilog file "/home/morty/ex1/uart_tx_test.v" into library work
Analyzing Verilog file "/opt/Xilinx/14.7/ISE_DS/ISE//verilog/src/glbl.v" into library work
Starting static elaboration
Completed static elaboration
Fuse Memory Usage: 82948 KB
Fuse CPU Usage: 1150 ms
Compiling module uart_tx
Compiling module uart_tx_test
Compiling module glbl
Time Resolution for simulation is 1ps.
Compiled 3 Verilog Units
Built simulation executable /home/morty/ex1/uart_tx_test_isim_beh.exe
Fuse Memory Usage: 643140 KB
Fuse CPU Usage: 1180 ms
GCC CPU Usage: 550 ms
