Release 14.7 - xst P.20131013 (lin64)
Copyright (c) 1995-2013 Xilinx, Inc.  All rights reserved.
--> 
Parameter TMPDIR set to xst/projnav.tmp


Total REAL time to Xst completion: 0.00 secs
Total CPU time to Xst completion: 0.06 secs
 
--> 
Parameter xsthdpdir set to xst


Total REAL time to Xst completion: 0.00 secs
Total CPU time to Xst completion: 0.06 secs
 
--> 
Reading design: top.prj

TABLE OF CONTENTS
  1) Synthesis Options Summary
  2) HDL Parsing
  3) HDL Elaboration
  4) HDL Synthesis
       4.1) HDL Synthesis Report
  5) Advanced HDL Synthesis
       5.1) Advanced HDL Synthesis Report
  6) Low Level Synthesis
  7) Partition Report
  8) Design Summary
       8.1) Primitive and Black Box Usage
       8.2) Device utilization summary
       8.3) Partition Resource Summary
       8.4) Timing Report
            8.4.1) Clock Information
            8.4.2) Asynchronous Control Signals Information
            8.4.3) Timing Summary
            8.4.4) Timing Details
            8.4.5) Cross Clock Domains Report


=========================================================================
*                      Synthesis Options Summary                        *
=========================================================================
---- Source Parameters
Input File Name                    : "top.prj"
Ignore Synthesis Constraint File   : NO

---- Target Parameters
Output File Name                   : "top"
Output Format                      : NGC
Target Device                      : xc6slx9-2-tqg144

---- Source Options
Top Module Name                    : top
Automatic FSM Extraction           : YES
FSM Encoding Algorithm             : Auto
Safe Implementation                : No
FSM Style                          : LUT
RAM Extraction                     : Yes
RAM Style                          : Auto
ROM Extraction                     : Yes
Shift Register Extraction          : YES
ROM Style                          : Auto
Resource Sharing                   : YES
Asynchronous To Synchronous        : NO
Shift Register Minimum Size        : 2
Use DSP Block                      : Auto
Automatic Register Balancing       : No

---- Target Options
LUT Combining                      : Auto
Reduce Control Sets                : Auto
Add IO Buffers                     : YES
Global Maximum Fanout              : 100000
Add Generic Clock Buffer(BUFG)     : 16
Register Duplication               : YES
Optimize Instantiated Primitives   : NO
Use Clock Enable                   : Auto
Use Synchronous Set                : Auto
Use Synchronous Reset              : Auto
Pack IO Registers into IOBs        : Auto
Equivalent register Removal        : YES

---- General Options
Optimization Goal                  : Speed
Optimization Effort                : 1
Power Reduction                    : NO
Keep Hierarchy                     : No
Netlist Hierarchy                  : As_Optimized
RTL Output                         : Yes
Global Optimization                : AllClockNets
Read Cores                         : YES
Write Timing Constraints           : NO
Cross Clock Analysis               : NO
Hierarchy Separator                : /
Bus Delimiter                      : <>
Case Specifier                     : Maintain
Slice Utilization Ratio            : 100
BRAM Utilization Ratio             : 100
DSP48 Utilization Ratio            : 100
Auto BRAM Packing                  : NO
Slice Utilization Ratio Delta      : 5

=========================================================================


=========================================================================
*                          HDL Parsing                                  *
=========================================================================
Analyzing Verilog file "/home/morty/ex1/uart_tx_sol.v" into library work
Parsing verilog file "uart_defs.v" included at line 1.
Parsing module <uart_tx_sol>.
Analyzing Verilog file "/home/morty/ex1/uart_rx_sol.v" into library work
Parsing verilog file "uart_defs.v" included at line 1.
Parsing module <uart_rx_sol>.
Analyzing Verilog file "/home/morty/ex1/top.v" into library work
Parsing module <top>.

=========================================================================
*                            HDL Elaboration                            *
=========================================================================

Elaborating module <top>.
WARNING:HDLCompiler:872 - "/home/morty/ex1/top.v" Line 29: Using initial value of rst since it is never assigned

Elaborating module <uart_rx_sol>.
WARNING:HDLCompiler:413 - "/home/morty/ex1/uart_rx_sol.v" Line 29: Result of 16-bit expression is truncated to fit in 15-bit target.
WARNING:HDLCompiler:413 - "/home/morty/ex1/uart_rx_sol.v" Line 59: Result of 4-bit expression is truncated to fit in 3-bit target.
"/home/morty/ex1/uart_rx_sol.v" Line 76. $display UART RX: Invalid state 0x0

Elaborating module <uart_tx_sol>.
WARNING:HDLCompiler:413 - "/home/morty/ex1/uart_tx_sol.v" Line 31: Result of 16-bit expression is truncated to fit in 15-bit target.
WARNING:HDLCompiler:413 - "/home/morty/ex1/uart_tx_sol.v" Line 60: Result of 4-bit expression is truncated to fit in 3-bit target.
"/home/morty/ex1/uart_tx_sol.v" Line 89. $display UART TX: Invalid state 0x0

=========================================================================
*                           HDL Synthesis                               *
=========================================================================

Synthesizing Unit <top>.
    Related source file is "/home/morty/ex1/top.v".
    Found 1-bit register for signal <gold_en>.
    Found 1-bit register for signal <silver_en>.
    Found 3-bit register for signal <state>.
    Found 8-bit register for signal <gold_data_tx>.
    Found 8-bit register for signal <silver_data_tx>.
    Found 8-bit register for signal <data_tx>.
    Found 1-bit register for signal <LED1>.
    Found 1-bit register for signal <en>.
    Found finite state machine <FSM_0> for signal <state>.
    -----------------------------------------------------------------------
    | States             | 7                                              |
    | Transitions        | 75                                             |
    | Inputs             | 11                                             |
    | Outputs            | 3                                              |
    | Clock              | CLK (rising_edge)                              |
    | Power Up State     | 100                                            |
    | Encoding           | auto                                           |
    | Implementation     | LUT                                            |
    -----------------------------------------------------------------------
    Summary:
	inferred  28 D-type flip-flop(s).
	inferred  27 Multiplexer(s).
	inferred   1 Finite State Machine(s).
Unit <top> synthesized.

Synthesizing Unit <uart_rx_sol>.
    Related source file is "/home/morty/ex1/uart_rx_sol.v".
    Found 1-bit register for signal <valid>.
    Found 15-bit register for signal <etu_cnt>.
    Found 3-bit register for signal <bit_cnt>.
    Found 8-bit register for signal <data_out>.
    Found 2-bit register for signal <state>.
    Found finite state machine <FSM_1> for signal <state>.
    -----------------------------------------------------------------------
    | States             | 3                                              |
    | Transitions        | 8                                              |
    | Inputs             | 4                                              |
    | Outputs            | 2                                              |
    | Clock              | clk (rising_edge)                              |
    | Reset              | rst (positive)                                 |
    | Reset type         | synchronous                                    |
    | Reset State        | 00                                             |
    | Power Up State     | 00                                             |
    | Encoding           | auto                                           |
    | Implementation     | LUT                                            |
    -----------------------------------------------------------------------
    Found 15-bit adder for signal <etu_cnt[14]_GND_2_o_add_3_OUT> created at line 29.
    Found 3-bit adder for signal <bit_cnt[2]_GND_2_o_add_13_OUT> created at line 59.
    Found 15-bit 4-to-1 multiplexer for signal <state[1]_etu_cnt[14]_wide_mux_22_OUT> created at line 34.
    Summary:
	inferred   2 Adder/Subtractor(s).
	inferred  27 D-type flip-flop(s).
	inferred   6 Multiplexer(s).
	inferred   1 Finite State Machine(s).
Unit <uart_rx_sol> synthesized.

Synthesizing Unit <uart_tx_sol>.
    Related source file is "/home/morty/ex1/uart_tx_sol.v".
    Found 1-bit register for signal <dout>.
    Found 1-bit register for signal <rdy>.
    Found 15-bit register for signal <etu_cnt>.
    Found 8-bit register for signal <data>.
    Found 3-bit register for signal <bit_cnt>.
    Found 2-bit register for signal <state>.
    Found finite state machine <FSM_2> for signal <state>.
    -----------------------------------------------------------------------
    | States             | 4                                              |
    | Transitions        | 9                                              |
    | Inputs             | 3                                              |
    | Outputs            | 3                                              |
    | Clock              | clk (rising_edge)                              |
    | Reset              | rst (positive)                                 |
    | Reset type         | synchronous                                    |
    | Reset State        | 00                                             |
    | Power Up State     | 00                                             |
    | Encoding           | auto                                           |
    | Implementation     | LUT                                            |
    -----------------------------------------------------------------------
    Found 15-bit adder for signal <etu_cnt[14]_GND_3_o_add_2_OUT> created at line 31.
    Found 3-bit adder for signal <bit_cnt[2]_GND_3_o_add_8_OUT> created at line 60.
    Found 15-bit 4-to-1 multiplexer for signal <state[1]_etu_cnt[14]_wide_mux_20_OUT> created at line 38.
    Summary:
	inferred   2 Adder/Subtractor(s).
	inferred  28 D-type flip-flop(s).
	inferred   7 Multiplexer(s).
	inferred   1 Finite State Machine(s).
Unit <uart_tx_sol> synthesized.

=========================================================================
HDL Synthesis Report

Macro Statistics
# Adders/Subtractors                                   : 12
 15-bit adder                                          : 6
 3-bit adder                                           : 6
# Registers                                            : 34
 1-bit register                                        : 13
 15-bit register                                       : 6
 3-bit register                                        : 6
 8-bit register                                        : 9
# Multiplexers                                         : 66
 1-bit 2-to-1 multiplexer                              : 22
 15-bit 2-to-1 multiplexer                             : 15
 15-bit 4-to-1 multiplexer                             : 6
 3-bit 2-to-1 multiplexer                              : 6
 8-bit 2-to-1 multiplexer                              : 17
# FSMs                                                 : 7

=========================================================================

=========================================================================
*                       Advanced HDL Synthesis                          *
=========================================================================


Synthesizing (advanced) Unit <uart_rx_sol>.
The following registers are absorbed into counter <bit_cnt>: 1 register on signal <bit_cnt>.
Unit <uart_rx_sol> synthesized (advanced).

Synthesizing (advanced) Unit <uart_tx_sol>.
The following registers are absorbed into counter <bit_cnt>: 1 register on signal <bit_cnt>.
Unit <uart_tx_sol> synthesized (advanced).

=========================================================================
Advanced HDL Synthesis Report

Macro Statistics
# Adders/Subtractors                                   : 6
 15-bit adder                                          : 6
# Counters                                             : 6
 3-bit up counter                                      : 6
# Registers                                            : 175
 Flip-Flops                                            : 175
# Multiplexers                                         : 81
 1-bit 2-to-1 multiplexer                              : 46
 15-bit 2-to-1 multiplexer                             : 15
 15-bit 4-to-1 multiplexer                             : 6
 8-bit 2-to-1 multiplexer                              : 14
# FSMs                                                 : 7

=========================================================================

=========================================================================
*                         Low Level Synthesis                           *
=========================================================================
Analyzing FSM <MFsm> for best encoding.
Optimizing FSM <FSM_0> on signal <state[1:3]> with user encoding.
-------------------
 State | Encoding
-------------------
 100   | 100
 000   | 000
 010   | 010
 011   | 011
 001   | 001
 111   | 111
 110   | 110
-------------------
Analyzing FSM <MFsm> for best encoding.
Optimizing FSM <gold_recv/FSM_1> on signal <state[1:2]> with user encoding.
Optimizing FSM <silver_recv/FSM_1> on signal <state[1:2]> with user encoding.
Optimizing FSM <rxi/FSM_1> on signal <state[1:2]> with user encoding.
-------------------
 State | Encoding
-------------------
 00    | 00
 01    | 01
 10    | 10
-------------------
Analyzing FSM <MFsm> for best encoding.
Optimizing FSM <gold_tx/FSM_2> on signal <state[1:2]> with gray encoding.
Optimizing FSM <silver_tx/FSM_2> on signal <state[1:2]> with gray encoding.
Optimizing FSM <txi/FSM_2> on signal <state[1:2]> with gray encoding.
-------------------
 State | Encoding
-------------------
 00    | 00
 01    | 01
 10    | 11
 11    | 10
-------------------

Optimizing unit <top> ...

Optimizing unit <uart_rx_sol> ...

Optimizing unit <uart_tx_sol> ...

Mapping all equations...
Building and optimizing final netlist ...
Found area constraint ratio of 100 (+ 5) on block top, actual ratio is 8.

Final Macro Processing ...

=========================================================================
Final Register Report

Macro Statistics
# Registers                                            : 208
 Flip-Flops                                            : 208

=========================================================================

=========================================================================
*                           Partition Report                            *
=========================================================================

Partition Implementation Status
-------------------------------

  No Partitions were found in this design.

-------------------------------

=========================================================================
*                            Design Summary                             *
=========================================================================

Top Level Output File Name         : top.ngc

Primitive and Black Box Usage:
------------------------------
# BELS                             : 546
#      GND                         : 1
#      INV                         : 12
#      LUT1                        : 84
#      LUT2                        : 3
#      LUT3                        : 20
#      LUT4                        : 16
#      LUT5                        : 78
#      LUT6                        : 154
#      MUXCY                       : 84
#      MUXF7                       : 3
#      VCC                         : 1
#      XORCY                       : 90
# FlipFlops/Latches                : 208
#      FD                          : 10
#      FDE                         : 180
#      FDR                         : 12
#      FDS                         : 6
# Clock Buffers                    : 1
#      BUFGP                       : 1
# IO Buffers                       : 7
#      IBUF                        : 3
#      OBUF                        : 4

Device utilization summary:
---------------------------

Selected Device : 6slx9tqg144-2 


Slice Logic Utilization: 
 Number of Slice Registers:             208  out of  11440     1%  
 Number of Slice LUTs:                  367  out of   5720     6%  
    Number used as Logic:               367  out of   5720     6%  

Slice Logic Distribution: 
 Number of LUT Flip Flop pairs used:    367
   Number with an unused Flip Flop:     159  out of    367    43%  
   Number with an unused LUT:             0  out of    367     0%  
   Number of fully used LUT-FF pairs:   208  out of    367    56%  
   Number of unique control sets:        12

IO Utilization: 
 Number of IOs:                           8
 Number of bonded IOBs:                   8  out of    102     7%  

Specific Feature Utilization:
 Number of BUFG/BUFGCTRLs:                1  out of     16     6%  

---------------------------
Partition Resource Summary:
---------------------------

  No Partitions were found in this design.

---------------------------


=========================================================================
Timing Report

NOTE: THESE TIMING NUMBERS ARE ONLY A SYNTHESIS ESTIMATE.
      FOR ACCURATE TIMING INFORMATION PLEASE REFER TO THE TRACE REPORT
      GENERATED AFTER PLACE-and-ROUTE.

Clock Information:
------------------
-----------------------------------+------------------------+-------+
Clock Signal                       | Clock buffer(FF name)  | Load  |
-----------------------------------+------------------------+-------+
CLK                                | BUFGP                  | 208   |
-----------------------------------+------------------------+-------+

Asynchronous Control Signals Information:
----------------------------------------
No asynchronous control signals found in this design

Timing Summary:
---------------
Speed Grade: -2

   Minimum period: 5.284ns (Maximum Frequency: 189.251MHz)
   Minimum input arrival time before clock: 4.663ns
   Maximum output required time after clock: 4.162ns
   Maximum combinational path delay: No path found

Timing Details:
---------------
All values displayed in nanoseconds (ns)

=========================================================================
Timing constraint: Default period analysis for Clock 'CLK'
  Clock period: 5.284ns (frequency: 189.251MHz)
  Total number of paths / destination ports: 5707 / 298
-------------------------------------------------------------------------
Delay:               5.284ns (Levels of Logic = 4)
  Source:            txi/etu_cnt_6 (FF)
  Destination:       txi/bit_cnt_2 (FF)
  Source Clock:      CLK rising
  Destination Clock: CLK rising

  Data Path: txi/etu_cnt_6 to txi/bit_cnt_2
                                Gate     Net
    Cell:in->out      fanout   Delay   Delay  Logical Name (Net Name)
    ----------------------------------------  ------------
     FDE:C->Q              2   0.525   1.181  txi/etu_cnt_6 (txi/etu_cnt_6)
     LUT6:I0->O            2   0.254   0.834  txi/etu_full<14>2 (txi/etu_full<14>1)
     LUT5:I3->O            1   0.250   0.682  txi/etu_full<14>3_1 (txi/etu_full<14>3)
     LUT3:I2->O            9   0.254   0.976  txi/_n0093_inv1_rstpot (txi/_n0093_inv1_rstpot)
     LUT6:I5->O            1   0.254   0.000  txi/bit_cnt_2_dpot (txi/bit_cnt_2_dpot)
     FDE:D                     0.074          txi/bit_cnt_2
    ----------------------------------------
    Total                      5.284ns (1.611ns logic, 3.673ns route)
                                       (30.5% logic, 69.5% route)

=========================================================================
Timing constraint: Default OFFSET IN BEFORE for Clock 'CLK'
  Total number of paths / destination ports: 84 / 84
-------------------------------------------------------------------------
Offset:              4.663ns (Levels of Logic = 4)
  Source:            RX (PAD)
  Destination:       rxi/bit_cnt_2 (FF)
  Destination Clock: CLK rising

  Data Path: RX to rxi/bit_cnt_2
                                Gate     Net
    Cell:in->out      fanout   Delay   Delay  Logical Name (Net Name)
    ----------------------------------------  ------------
     IBUF:I->O            28   1.328   1.908  RX_IBUF (RX_IBUF)
     LUT6:I0->O            1   0.254   0.000  rxi/_n0106_inv1_rstpot_F (N34)
     MUXF7:I0->O           1   0.163   0.682  rxi/_n0106_inv1_rstpot (rxi/_n0106_inv1_rstpot)
     LUT5:I4->O            1   0.254   0.000  rxi/bit_cnt_2_dpot (rxi/bit_cnt_2_dpot)
     FDE:D                     0.074          rxi/bit_cnt_2
    ----------------------------------------
    Total                      4.663ns (2.073ns logic, 2.590ns route)
                                       (44.5% logic, 55.5% route)

=========================================================================
Timing constraint: Default OFFSET OUT AFTER for Clock 'CLK'
  Total number of paths / destination ports: 4 / 4
-------------------------------------------------------------------------
Offset:              4.162ns (Levels of Logic = 1)
  Source:            txi/dout (FF)
  Destination:       TX (PAD)
  Source Clock:      CLK rising

  Data Path: txi/dout to TX
                                Gate     Net
    Cell:in->out      fanout   Delay   Delay  Logical Name (Net Name)
    ----------------------------------------  ------------
     FDS:C->Q              2   0.525   0.725  txi/dout (txi/dout)
     OBUF:I->O                 2.912          TX_OBUF (TX)
    ----------------------------------------
    Total                      4.162ns (3.437ns logic, 0.725ns route)
                                       (82.6% logic, 17.4% route)

=========================================================================

Cross Clock Domains Report:
--------------------------

Clock to Setup on destination clock CLK
---------------+---------+---------+---------+---------+
               | Src:Rise| Src:Fall| Src:Rise| Src:Fall|
Source Clock   |Dest:Rise|Dest:Rise|Dest:Fall|Dest:Fall|
---------------+---------+---------+---------+---------+
CLK            |    5.284|         |         |         |
---------------+---------+---------+---------+---------+

=========================================================================


Total REAL time to Xst completion: 7.00 secs
Total CPU time to Xst completion: 6.58 secs
 
--> 


Total memory usage is 385028 kilobytes

Number of errors   :    0 (   0 filtered)
Number of warnings :    5 (   0 filtered)
Number of infos    :    0 (   0 filtered)

